c:\users\e010103j\desktop\fggc framework semester 2\debug\vc142.pdb
c:\users\e010103j\desktop\fggc framework semester 2\debug\vc142.idb
c:\users\e010103j\desktop\fggc framework semester 2\debug\vector3d.obj
c:\users\e010103j\desktop\fggc framework semester 2\debug\transform.obj
c:\users\e010103j\desktop\fggc framework semester 2\debug\particlemodel.obj
c:\users\e010103j\desktop\fggc framework semester 2\debug\objloader.obj
c:\users\e010103j\desktop\fggc framework semester 2\debug\inputmanager.obj
c:\users\e010103j\desktop\fggc framework semester 2\debug\debughelp.obj
c:\users\e010103j\desktop\fggc framework semester 2\debug\ddstextureloader.obj
c:\users\e010103j\desktop\fggc framework semester 2\debug\camera.obj
c:\users\e010103j\desktop\fggc framework semester 2\debug\rigidbody.obj
c:\users\e010103j\desktop\fggc framework semester 2\debug\component.obj
c:\users\e010103j\desktop\fggc framework semester 2\debug\dx11 framework.ilk
c:\users\e010103j\desktop\fggc framework semester 2\debug\dx11 framework.exe
c:\users\e010103j\desktop\fggc framework semester 2\debug\dx11 framework.pdb
c:\users\e010103j\desktop\fggc framework semester 2\debug\dx11 framework.res
c:\users\e010103j\desktop\fggc framework semester 2\debug\appearance.obj
c:\users\e010103j\desktop\fggc framework semester 2\debug\application.obj
c:\users\e010103j\desktop\fggc framework semester 2\debug\gameobject.obj
c:\users\e010103j\desktop\fggc framework semester 2\debug\graphics.obj
c:\users\e010103j\desktop\fggc framework semester 2\debug\main.obj
c:\users\e010103j\desktop\fggc framework semester 2\debug\particle.obj
c:\users\e010103j\desktop\fggc framework semester 2\debug\particlesystem.obj
c:\users\e010103j\desktop\fggc framework semester 2\debug\dx11 framework.tlog\cl.command.1.tlog
c:\users\e010103j\desktop\fggc framework semester 2\debug\dx11 framework.tlog\cl.read.1.tlog
c:\users\e010103j\desktop\fggc framework semester 2\debug\dx11 framework.tlog\cl.write.1.tlog
c:\users\e010103j\desktop\fggc framework semester 2\debug\dx11 framework.tlog\link.command.1.tlog
c:\users\e010103j\desktop\fggc framework semester 2\debug\dx11 framework.tlog\link.read.1.tlog
c:\users\e010103j\desktop\fggc framework semester 2\debug\dx11 framework.tlog\link.write.1.tlog
c:\users\e010103j\desktop\fggc framework semester 2\debug\dx11 framework.tlog\rc.command.1.tlog
c:\users\e010103j\desktop\fggc framework semester 2\debug\dx11 framework.tlog\rc.read.1.tlog
c:\users\e010103j\desktop\fggc framework semester 2\debug\dx11 framework.tlog\rc.write.1.tlog
